-------------------------------------------------------------------------------
Test set: com.filesecurity.controller.FileUploadControllerTest
-------------------------------------------------------------------------------
Tests run: 10, Failures: 3, Errors: 0, Skipped: 0, Time elapsed: 3.079 s <<< FAILURE! -- in com.filesecurity.controller.FileUploadControllerTest
com.filesecurity.controller.FileUploadControllerTest.testStatsEndpoint -- Time elapsed: 0.010 s <<< FAILURE!
java.lang.AssertionError: JSON path "$.totalStorage" expected:<5.0 MB> but was:<5,0 MB>
	at org.springframework.test.util.AssertionErrors.fail(AssertionErrors.java:59)
	at org.springframework.test.util.AssertionErrors.assertEquals(AssertionErrors.java:122)
	at org.springframework.test.util.JsonPathExpectationsHelper.assertValue(JsonPathExpectationsHelper.java:123)
	at org.springframework.test.web.servlet.result.JsonPathResultMatchers.lambda$value$2(JsonPathResultMatchers.java:111)
	at org.springframework.test.web.servlet.MockMvc$1.andExpect(MockMvc.java:214)
	at com.filesecurity.controller.FileUploadControllerTest.testStatsEndpoint(FileUploadControllerTest.java:225)
	at java.base/java.lang.reflect.Method.invoke(Method.java:569)
	at java.base/java.util.ArrayList.forEach(ArrayList.java:1511)
	at java.base/java.util.ArrayList.forEach(ArrayList.java:1511)

com.filesecurity.controller.FileUploadControllerTest.testUploadResponseHasValidationDetail -- Time elapsed: 0.008 s <<< FAILURE!
java.lang.AssertionError: JSON path "$.validation.fileSizeFormatted" expected:<3.0 MB> but was:<3,0 MB>
	at org.springframework.test.util.AssertionErrors.fail(AssertionErrors.java:59)
	at org.springframework.test.util.AssertionErrors.assertEquals(AssertionErrors.java:122)
	at org.springframework.test.util.JsonPathExpectationsHelper.assertValue(JsonPathExpectationsHelper.java:123)
	at org.springframework.test.web.servlet.result.JsonPathResultMatchers.lambda$value$2(JsonPathResultMatchers.java:111)
	at org.springframework.test.web.servlet.MockMvc$1.andExpect(MockMvc.java:214)
	at com.filesecurity.controller.FileUploadControllerTest.testUploadResponseHasValidationDetail(FileUploadControllerTest.java:156)
	at java.base/java.lang.reflect.Method.invoke(Method.java:569)
	at java.base/java.util.ArrayList.forEach(ArrayList.java:1511)
	at java.base/java.util.ArrayList.forEach(ArrayList.java:1511)

com.filesecurity.controller.FileUploadControllerTest.testUploadWithoutFileReturns400 -- Time elapsed: 0.023 s <<< FAILURE!
java.lang.AssertionError: Status expected:<400> but was:<500>
	at org.springframework.test.util.AssertionErrors.fail(AssertionErrors.java:59)
	at org.springframework.test.util.AssertionErrors.assertEquals(AssertionErrors.java:122)
	at org.springframework.test.web.servlet.result.StatusResultMatchers.lambda$matcher$9(StatusResultMatchers.java:637)
	at org.springframework.test.web.servlet.MockMvc$1.andExpect(MockMvc.java:214)
	at com.filesecurity.controller.FileUploadControllerTest.testUploadWithoutFileReturns400(FileUploadControllerTest.java:258)
	at java.base/java.lang.reflect.Method.invoke(Method.java:569)
	at java.base/java.util.ArrayList.forEach(ArrayList.java:1511)
	at java.base/java.util.ArrayList.forEach(ArrayList.java:1511)

